2024-01-30T09:25:34.508Z [[32minfo[39m]: Truncating Existing Users...
2024-01-30T09:25:34.509Z [[32minfo[39m]: Loading Users to DB...
2024-01-30T09:25:34.556Z [[32minfo[39m]: Truncating Existing Messages...
2024-01-30T09:25:34.556Z [[32minfo[39m]: Loading Messages to DB...
2024-01-30T09:25:43.329Z [[32minfo[39m]: Truncating Existing Users...
2024-01-30T09:25:43.330Z [[32minfo[39m]: Loading Users to DB...
2024-01-30T09:25:43.383Z [[32minfo[39m]: Truncating Existing Messages...
2024-01-30T09:25:43.383Z [[32minfo[39m]: Loading Messages to DB...
2024-01-30T09:26:43.083Z [[32minfo[39m]: Truncating Existing Users...
2024-01-30T09:26:43.085Z [[32minfo[39m]: Truncating Existing Messages...
2024-01-30T09:27:22.348Z [[32minfo[39m]: Truncating Existing Users...
2024-01-30T09:27:22.349Z [[32minfo[39m]: Loading Users to DB...
2024-01-30T09:27:22.392Z [[32minfo[39m]: Truncating Existing Messages...
2024-01-30T09:27:22.392Z [[32minfo[39m]: Loading Messages to DB...
2024-01-30T09:29:23.058Z [[31merror[39m]: My Error!
2024-01-30T09:30:47.237Z [[32minfo[39m]: Truncating Existing Users...
2024-01-30T09:30:47.239Z [[32minfo[39m]: Loading Users to DB...
2024-01-30T09:30:47.293Z [[32minfo[39m]: Truncating Existing Messages...
2024-01-30T09:30:47.293Z [[32minfo[39m]: Loading Messages to DB...
2024-01-30T09:30:47.316Z [[32minfo[39m]: Users and Messages Loaded in DB!
2024-01-30T09:31:38.775Z [[32minfo[39m]: Fetching User with parameters: [object Object]
2024-01-30T09:31:50.506Z [[32minfo[39m]: Fetching User with parameters: 
2024-01-30T09:32:43.936Z [[32minfo[39m]: Fetching User with parameters: 
2024-01-30T09:32:45.528Z [[32minfo[39m]: Fetching User with parameters: 
2024-01-30T09:32:58.611Z [[32minfo[39m]: Truncating Existing Users...
2024-01-30T09:32:58.612Z [[32minfo[39m]: Loading Users to DB...
2024-01-30T09:32:58.663Z [[32minfo[39m]: Truncating Existing Messages...
2024-01-30T09:32:58.663Z [[32minfo[39m]: Loading Messages to DB...
2024-01-30T09:32:58.685Z [[32minfo[39m]: Users and Messages Loaded in DB!
2024-01-30T09:33:02.513Z [[32minfo[39m]: Truncating Existing Users...
2024-01-30T09:33:02.514Z [[32minfo[39m]: Loading Users to DB...
2024-01-30T09:33:02.537Z [[32minfo[39m]: Truncating Existing Messages...
2024-01-30T09:33:02.537Z [[32minfo[39m]: Loading Messages to DB...
2024-01-30T09:33:02.551Z [[32minfo[39m]: Users and Messages Loaded in DB!
2024-01-30T09:33:05.929Z [[32minfo[39m]: Truncating Existing Users...
2024-01-30T09:33:05.930Z [[32minfo[39m]: Loading Users to DB...
2024-01-30T09:33:05.987Z [[32minfo[39m]: Truncating Existing Messages...
2024-01-30T09:33:05.987Z [[32minfo[39m]: Loading Messages to DB...
2024-01-30T09:33:06.008Z [[32minfo[39m]: Users and Messages Loaded in DB!
2024-01-30T09:33:07.004Z [[32minfo[39m]: Truncating Existing Users...
2024-01-30T09:33:07.004Z [[32minfo[39m]: Loading Users to DB...
2024-01-30T09:33:07.029Z [[32minfo[39m]: Truncating Existing Messages...
2024-01-30T09:33:07.029Z [[32minfo[39m]: Loading Messages to DB...
2024-01-30T09:33:07.042Z [[32minfo[39m]: Users and Messages Loaded in DB!
2024-01-30T09:33:08.742Z [[32minfo[39m]: Fetching User with parameters: 
2024-01-30T09:33:19.438Z [[32minfo[39m]: Fetching User with parameters: {"firstName":"George","surname":"SurnameA"}
2024-01-30T11:04:54.884Z [[32minfo[39m]: Checking Database Connection...
2024-01-30T11:04:55.113Z [[32minfo[39m]: Database connection OK!
2024-01-30T11:04:55.117Z [[32minfo[39m]: Fetching User with parameters: {}
